<?xml version="1.0" encoding="UTF-8" ?>
<testsuite failures="0" time="0.441" errors="0" skipped="0" tests="4" name="org.jboss.tools.example.springmvc.test.MemberDaoTest">
  <properties>
[...]
</properties>
  <testcase time="0.376" classname="org.jboss.tools.example.springmvc.test.MemberDaoTest" name="testRegister"/>
  <testcase time="0.014" classname="org.jboss.tools.example.springmvc.test.MemberDaoTest" name="testFindById"/>
  <testcase time="0.034" classname="org.jboss.tools.example.springmvc.test.MemberDaoTest" name="testFindByEmail"/>
  <testcase time="0.017" classname="org.jboss.tools.example.springmvc.test.MemberDaoTest" name="testFindAllOrderedByName"/>
</testsuite>